<?xml version="1.0" encoding="UTF-8"?>
<testsuite xmlns:xsi="http://www.w3.org/2001/XMLSchema-instance" xsi:noNamespaceSchemaLocation="https://maven.apache.org/surefire/maven-surefire-plugin/xsd/surefire-test-report-3.0.xsd" version="3.0" name="com.milk.acopio.AcopioApplicationTests" time="13.162" tests="1" errors="0" skipped="0" failures="0">
  <properties>
[...]
</properties>
  <testcase name="contextLoads" classname="com.milk.acopio.AcopioApplicationTests" time="1.107">
    <system-out><![CDATA[22:30:00.277 [main] INFO org.springframework.test.context.support.AnnotationConfigContextLoaderUtils -- Could not detect default configuration classes for test class [com.milk.acopio.AcopioApplicationTests]: AcopioApplicationTests does not declare any static, non-private, non-final, nested classes annotated with @Configuration.
22:30:00.595 [main] INFO org.springframework.boot.test.context.SpringBootTestContextBootstrapper -- Found @SpringBootConfiguration com.milk.acopio.AcopioApplication for test class com.milk.acopio.AcopioApplicationTests

  .   ____          _            __ _ _
 /\\ / ___'_ __ _ _(_)_ __  __ _ \ \ \ \
( ( )\___ | '_ | '_| | '_ \/ _` | \ \ \ \
 \\/  ___)| |_)| | | | | || (_| |  ) ) ) )
  '  |____| .__|_| |_|_| |_\__, | / / / /
 =========|_|==============|___/=/_/_/_/
 :: Spring Boot ::                (v3.1.0)

2023-06-04T22:30:03.593-04:00  INFO 18064 --- [           main] com.milk.acopio.AcopioApplicationTests   : No active profile set, falling back to 1 default profile: "default"
2023-06-04T22:30:04.785-04:00  INFO 18064 --- [           main] .s.d.r.c.RepositoryConfigurationDelegate : Bootstrapping Spring Data JPA repositories in DEFAULT mode.
2023-06-04T22:30:04.885-04:00  INFO 18064 --- [           main] .s.d.r.c.RepositoryConfigurationDelegate : Finished Spring Data repository scanning in 75 ms. Found 1 JPA repository interfaces.
2023-06-04T22:30:05.362-04:00  INFO 18064 --- [           main] o.s.cloud.context.scope.GenericScope     : BeanFactory id=11db7ca8-4125-3e7e-9a78-2341c4bc53a5
2023-06-04T22:30:06.097-04:00  INFO 18064 --- [           main] o.hibernate.jpa.internal.util.LogHelper  : HHH000204: Processing PersistenceUnitInfo [name: default]
2023-06-04T22:30:06.313-04:00  INFO 18064 --- [           main] org.hibernate.Version                    : HHH000412: Hibernate ORM core version 6.2.2.Final
2023-06-04T22:30:06.319-04:00  INFO 18064 --- [           main] org.hibernate.cfg.Environment            : HHH000406: Using bytecode reflection optimizer
2023-06-04T22:30:06.759-04:00  INFO 18064 --- [           main] o.h.b.i.BytecodeProviderInitiator        : HHH000021: Bytecode provider name : bytebuddy
2023-06-04T22:30:07.076-04:00  INFO 18064 --- [           main] o.s.o.j.p.SpringPersistenceUnitInfo      : No LoadTimeWeaver setup: ignoring JPA class transformer
2023-06-04T22:30:07.116-04:00  INFO 18064 --- [           main] com.zaxxer.hikari.HikariDataSource       : HikariPool-1 - Starting...
2023-06-04T22:30:07.557-04:00  INFO 18064 --- [           main] com.zaxxer.hikari.pool.HikariPool        : HikariPool-1 - Added connection org.postgresql.jdbc.PgConnection@3a588b5f
2023-06-04T22:30:07.561-04:00  INFO 18064 --- [           main] com.zaxxer.hikari.HikariDataSource       : HikariPool-1 - Start completed.
2023-06-04T22:30:07.709-04:00  INFO 18064 --- [           main] org.hibernate.orm.dialect                : HHH035001: Using dialect: org.hibernate.dialect.PostgreSQLDialect, version: org.hibernate.engine.jdbc.env.internal.JdbcEnvironmentInitiator$DialectResolutionInfoImpl@5c25d0d1
2023-06-04T22:30:08.372-04:00  INFO 18064 --- [           main] o.h.b.i.BytecodeProviderInitiator        : HHH000021: Bytecode provider name : bytebuddy
2023-06-04T22:30:09.751-04:00  INFO 18064 --- [           main] o.h.e.t.j.p.i.JtaPlatformInitiator       : HHH000490: Using JtaPlatform implementation: [org.hibernate.engine.transaction.jta.platform.internal.NoJtaPlatform]
2023-06-04T22:30:09.837-04:00  INFO 18064 --- [           main] j.LocalContainerEntityManagerFactoryBean : Initialized JPA EntityManagerFactory for persistence unit 'default'
2023-06-04T22:30:10.757-04:00  WARN 18064 --- [           main] JpaBaseConfiguration$JpaWebConfiguration : spring.jpa.open-in-view is enabled by default. Therefore, database queries may be performed during view rendering. Explicitly configure spring.jpa.open-in-view to disable this warning
2023-06-04T22:30:11.845-04:00  INFO 18064 --- [           main] com.milk.acopio.AcopioApplicationTests   : Started AcopioApplicationTests in 10.817 seconds (process running for 13.477)
]]></system-out>
  </testcase>
</testsuite>