<?xml version="1.0" encoding="UTF-8"?>
<testsuite xmlns:xsi="http://www.w3.org/2001/XMLSchema-instance" xsi:noNamespaceSchemaLocation="https://maven.apache.org/surefire/maven-surefire-plugin/xsd/surefire-test-report-3.0.xsd" version="3.0" name="com.milk.configservice.ConfigServiceApplicationTests" time="8.811" tests="1" errors="0" skipped="0" failures="0">
  <properties>
[...]
</properties>
  <testcase name="contextLoads" classname="com.milk.configservice.ConfigServiceApplicationTests" time="1.051">
    <system-out><![CDATA[21:40:30.575 [main] INFO org.springframework.test.context.support.AnnotationConfigContextLoaderUtils -- Could not detect default configuration classes for test class [com.milk.configservice.ConfigServiceApplicationTests]: ConfigServiceApplicationTests does not declare any static, non-private, non-final, nested classes annotated with @Configuration.
21:40:30.843 [main] INFO org.springframework.boot.test.context.SpringBootTestContextBootstrapper -- Found @SpringBootConfiguration com.milk.configservice.ConfigServiceApplication for test class com.milk.configservice.ConfigServiceApplicationTests

  .   ____          _            __ _ _
 /\\ / ___'_ __ _ _(_)_ __  __ _ \ \ \ \
( ( )\___ | '_ | '_| | '_ \/ _` | \ \ \ \
 \\/  ___)| |_)| | | | | || (_| |  ) ) ) )
  '  |____| .__|_| |_|_| |_\__, | / / / /
 =========|_|==============|___/=/_/_/_/
 :: Spring Boot ::                (v3.1.0)

2023-06-04T21:40:32.287-04:00  INFO 22360 --- [           main] c.m.c.ConfigServiceApplicationTests      : Starting ConfigServiceApplicationTests using Java 18.0.2.1 with PID 22360 (started by genia in C:\Users\genia\Documents\METODOS_DE_ING_DE_SOFTWARE\metodos-evaluacion-2\config-service)
2023-06-04T21:40:32.292-04:00  INFO 22360 --- [           main] c.m.c.ConfigServiceApplicationTests      : No active profile set, falling back to 1 default profile: "default"
2023-06-04T21:40:34.657-04:00  INFO 22360 --- [           main] o.s.cloud.context.scope.GenericScope     : BeanFactory id=b9bf38f2-7205-3d10-a76b-5f4320e03a36
2023-06-04T21:40:37.947-04:00  INFO 22360 --- [           main] c.m.c.ConfigServiceApplicationTests      : Started ConfigServiceApplicationTests in 6.732 seconds (process running for 9.092)
]]></system-out>
  </testcase>
</testsuite>